2024-02-26 03:03:51,901 INFO [main] r.s.r.ReceiverApplication [StartupInfoLogger.java:55] Starting ReceiverApplication on Pheasant with PID 35688 (C:\Users\ertty\Desktop\practical_task\receiver\target\classes started by ertty in C:\Users\ertty\Desktop\practical_task)
2024-02-26 03:03:51,907 INFO [main] r.s.r.ReceiverApplication [SpringApplication.java:648] No active profile set, falling back to default profiles: default
2024-02-26 03:03:53,247 INFO [main] o.s.b.w.e.t.TomcatWebServer [TomcatWebServer.java:108] Tomcat initialized with port(s): 8081 (http)
2024-02-26 03:03:53,260 INFO [main] o.a.c.h.Http11NioProtocol [DirectJDKLog.java:173] Initializing ProtocolHandler ["http-nio-8081"]
2024-02-26 03:03:53,261 INFO [main] o.a.c.c.StandardService [DirectJDKLog.java:173] Starting service [Tomcat]
2024-02-26 03:03:53,261 INFO [main] o.a.c.c.StandardEngine [DirectJDKLog.java:173] Starting Servlet engine: [Apache Tomcat/9.0.46]
2024-02-26 03:03:53,377 INFO [main] o.a.c.c.C.[.[.[/] [DirectJDKLog.java:173] Initializing Spring embedded WebApplicationContext
2024-02-26 03:03:53,377 INFO [main] o.s.b.w.s.c.ServletWebServerApplicationContext [ServletWebServerApplicationContext.java:285] Root WebApplicationContext: initialization completed in 1387 ms
2024-02-26 03:03:53,583 INFO [main] o.s.s.c.ThreadPoolTaskExecutor [ExecutorConfigurationSupport.java:181] Initializing ExecutorService 'applicationTaskExecutor'
2024-02-26 03:03:53,743 INFO [main] o.a.c.h.Http11NioProtocol [DirectJDKLog.java:173] Starting ProtocolHandler ["http-nio-8081"]
2024-02-26 03:03:53,776 INFO [main] o.s.b.w.e.t.TomcatWebServer [TomcatWebServer.java:220] Tomcat started on port(s): 8081 (http) with context path ''
2024-02-26 03:03:53,786 INFO [main] r.s.r.ReceiverApplication [StartupInfoLogger.java:61] Started ReceiverApplication in 2.425 seconds (JVM running for 3.134)
2024-02-26 03:04:25,392 INFO [http-nio-8081-exec-2] o.a.c.c.C.[.[.[/] [DirectJDKLog.java:173] Initializing Spring DispatcherServlet 'dispatcherServlet'
2024-02-26 03:04:25,393 INFO [http-nio-8081-exec-2] o.s.w.s.DispatcherServlet [FrameworkServlet.java:525] Initializing Servlet 'dispatcherServlet'
2024-02-26 03:04:25,399 INFO [http-nio-8081-exec-2] o.s.w.s.DispatcherServlet [FrameworkServlet.java:547] Completed initialization in 6 ms
2024-02-26 03:04:25,522 INFO [http-nio-8081-exec-2] r.s.r.c.MainController [MainController.java:34] pong-RequestDto(name=тест запрос, date=Sun Feb 25 00:00:00 NOVT 2024, request=запрос)
2024-02-26 03:05:10,126 INFO [http-nio-8081-exec-3] r.s.r.c.MainController [MainController.java:28] ping получен
2024-02-26 03:05:20,044 INFO [http-nio-8081-exec-4] r.s.r.c.MainController [MainController.java:34] pong-RequestDto(name=тест запрос, date=Sun Feb 25 00:00:00 NOVT 2024, request=запрос)
2024-02-26 03:06:10,008 INFO [http-nio-8081-exec-6] r.s.r.c.MainController [MainController.java:28] ping получен
2024-02-26 03:06:20,020 INFO [http-nio-8081-exec-7] r.s.r.c.MainController [MainController.java:34] pong-RequestDto(name=тест запрос, date=Sun Feb 25 00:00:00 NOVT 2024, request=запрос)
2024-02-26 03:12:42,747 INFO [SpringContextShutdownHook] o.s.s.c.ThreadPoolTaskExecutor [ExecutorConfigurationSupport.java:218] Shutting down ExecutorService 'applicationTaskExecutor'
2024-02-26 03:13:33,544 INFO [main] r.s.r.ReceiverApplication [StartupInfoLogger.java:55] Starting ReceiverApplication on Pheasant with PID 37472 (C:\Users\ertty\Desktop\practical_task\receiver\target\classes started by ertty in C:\Users\ertty\Desktop\practical_task)
2024-02-26 03:13:33,549 INFO [main] r.s.r.ReceiverApplication [SpringApplication.java:648] No active profile set, falling back to default profiles: default
2024-02-26 03:13:35,018 INFO [main] o.s.b.w.e.t.TomcatWebServer [TomcatWebServer.java:108] Tomcat initialized with port(s): 8081 (http)
2024-02-26 03:13:35,037 INFO [main] o.a.c.h.Http11NioProtocol [DirectJDKLog.java:173] Initializing ProtocolHandler ["http-nio-8081"]
2024-02-26 03:13:35,038 INFO [main] o.a.c.c.StandardService [DirectJDKLog.java:173] Starting service [Tomcat]
2024-02-26 03:13:35,039 INFO [main] o.a.c.c.StandardEngine [DirectJDKLog.java:173] Starting Servlet engine: [Apache Tomcat/9.0.46]
2024-02-26 03:13:35,185 INFO [main] o.a.c.c.C.[.[.[/] [DirectJDKLog.java:173] Initializing Spring embedded WebApplicationContext
2024-02-26 03:13:35,185 INFO [main] o.s.b.w.s.c.ServletWebServerApplicationContext [ServletWebServerApplicationContext.java:285] Root WebApplicationContext: initialization completed in 1558 ms
2024-02-26 03:13:35,425 INFO [main] o.s.s.c.ThreadPoolTaskExecutor [ExecutorConfigurationSupport.java:181] Initializing ExecutorService 'applicationTaskExecutor'
2024-02-26 03:13:35,613 INFO [main] o.a.c.h.Http11NioProtocol [DirectJDKLog.java:173] Starting ProtocolHandler ["http-nio-8081"]
2024-02-26 03:13:35,652 INFO [main] o.s.b.w.e.t.TomcatWebServer [TomcatWebServer.java:220] Tomcat started on port(s): 8081 (http) with context path ''
2024-02-26 03:13:35,664 INFO [main] r.s.r.ReceiverApplication [StartupInfoLogger.java:61] Started ReceiverApplication in 2.648 seconds (JVM running for 3.414)
2024-02-26 03:14:10,187 INFO [http-nio-8081-exec-1] o.a.c.c.C.[.[.[/] [DirectJDKLog.java:173] Initializing Spring DispatcherServlet 'dispatcherServlet'
2024-02-26 03:14:10,188 INFO [http-nio-8081-exec-1] o.s.w.s.DispatcherServlet [FrameworkServlet.java:525] Initializing Servlet 'dispatcherServlet'
2024-02-26 03:14:10,194 INFO [http-nio-8081-exec-1] o.s.w.s.DispatcherServlet [FrameworkServlet.java:547] Completed initialization in 6 ms
2024-02-26 03:14:10,218 INFO [http-nio-8081-exec-1] r.s.r.c.MainController [MainController.java:28] ping получен
2024-02-26 03:14:46,986 INFO [SpringContextShutdownHook] o.s.s.c.ThreadPoolTaskExecutor [ExecutorConfigurationSupport.java:218] Shutting down ExecutorService 'applicationTaskExecutor'
2024-02-26 03:15:46,347 INFO [main] r.s.r.ReceiverApplication [StartupInfoLogger.java:55] Starting ReceiverApplication on Pheasant with PID 39064 (C:\Users\ertty\Desktop\practical_task\receiver\target\classes started by ertty in C:\Users\ertty\Desktop\practical_task)
2024-02-26 03:15:46,352 INFO [main] r.s.r.ReceiverApplication [SpringApplication.java:648] No active profile set, falling back to default profiles: default
2024-02-26 03:15:47,694 INFO [main] o.s.b.w.e.t.TomcatWebServer [TomcatWebServer.java:108] Tomcat initialized with port(s): 8081 (http)
2024-02-26 03:15:47,708 INFO [main] o.a.c.h.Http11NioProtocol [DirectJDKLog.java:173] Initializing ProtocolHandler ["http-nio-8081"]
2024-02-26 03:15:47,709 INFO [main] o.a.c.c.StandardService [DirectJDKLog.java:173] Starting service [Tomcat]
2024-02-26 03:15:47,710 INFO [main] o.a.c.c.StandardEngine [DirectJDKLog.java:173] Starting Servlet engine: [Apache Tomcat/9.0.46]
2024-02-26 03:15:47,828 INFO [main] o.a.c.c.C.[.[.[/] [DirectJDKLog.java:173] Initializing Spring embedded WebApplicationContext
2024-02-26 03:15:47,828 INFO [main] o.s.b.w.s.c.ServletWebServerApplicationContext [ServletWebServerApplicationContext.java:285] Root WebApplicationContext: initialization completed in 1402 ms
2024-02-26 03:15:48,036 INFO [main] o.s.s.c.ThreadPoolTaskExecutor [ExecutorConfigurationSupport.java:181] Initializing ExecutorService 'applicationTaskExecutor'
2024-02-26 03:15:48,203 INFO [main] o.a.c.h.Http11NioProtocol [DirectJDKLog.java:173] Starting ProtocolHandler ["http-nio-8081"]
2024-02-26 03:15:48,239 INFO [main] o.s.b.w.e.t.TomcatWebServer [TomcatWebServer.java:220] Tomcat started on port(s): 8081 (http) with context path ''
2024-02-26 03:15:48,251 INFO [main] r.s.r.ReceiverApplication [StartupInfoLogger.java:61] Started ReceiverApplication in 2.507 seconds (JVM running for 3.277)
2024-02-26 03:16:10,192 INFO [http-nio-8081-exec-1] o.a.c.c.C.[.[.[/] [DirectJDKLog.java:173] Initializing Spring DispatcherServlet 'dispatcherServlet'
2024-02-26 03:16:10,192 INFO [http-nio-8081-exec-1] o.s.w.s.DispatcherServlet [FrameworkServlet.java:525] Initializing Servlet 'dispatcherServlet'
2024-02-26 03:16:10,198 INFO [http-nio-8081-exec-1] o.s.w.s.DispatcherServlet [FrameworkServlet.java:547] Completed initialization in 6 ms
2024-02-26 03:16:10,224 INFO [http-nio-8081-exec-1] r.s.r.c.MainController [MainController.java:28] ping получен
2024-02-26 03:16:20,092 INFO [http-nio-8081-exec-2] r.s.r.c.MainController [MainController.java:34] pong-RequestDto(name=тест запрос, date=Sun Feb 25 00:00:00 NOVT 2024, request=запрос)
2024-02-26 03:17:10,007 INFO [http-nio-8081-exec-3] r.s.r.c.MainController [MainController.java:28] ping получен
2024-02-26 03:17:20,027 INFO [http-nio-8081-exec-4] r.s.r.c.MainController [MainController.java:34] pong-RequestDto(name=тест запрос, date=Sun Feb 25 00:00:00 NOVT 2024, request=запрос)
2024-02-26 03:18:10,014 INFO [http-nio-8081-exec-5] r.s.r.c.MainController [MainController.java:28] ping получен
2024-02-26 03:18:20,018 INFO [http-nio-8081-exec-6] r.s.r.c.MainController [MainController.java:34] pong-RequestDto(name=тест запрос, date=Sun Feb 25 00:00:00 NOVT 2024, request=запрос)
2024-02-26 03:18:40,141 INFO [SpringContextShutdownHook] o.s.s.c.ThreadPoolTaskExecutor [ExecutorConfigurationSupport.java:218] Shutting down ExecutorService 'applicationTaskExecutor'
